2019-04-27 22:21:25,709 [main] INFO  [com.wang.sso.ApplicationKt] StartupInfoLogger.java:50 - Starting ApplicationKt on wangzaijundeMacBook-Air.local with PID 55020 (/Users/wangzaijun/Documents/idea_work/sso/target/classes started by wangzaijun in /Users/wangzaijun/Documents/idea_work/sso)
2019-04-27 22:21:25,720 [main] INFO  [com.wang.sso.ApplicationKt] SpringApplication.java:675 - No active profile set, falling back to default profiles: default
2019-04-27 22:21:29,380 [main] WARN  [org.mybatis.spring.mapper.ClassPathMapperScanner] Logger.java:44 - No MyBatis mapper was found in '[com.wang.sso]' package. Please check your configuration.
2019-04-27 22:21:29,464 [main] INFO  [o.s.d.r.config.RepositoryConfigurationDelegate] RepositoryConfigurationDelegate.java:244 - Multiple Spring Data modules found, entering strict repository configuration mode!
2019-04-27 22:21:29,467 [main] INFO  [o.s.d.r.config.RepositoryConfigurationDelegate] RepositoryConfigurationDelegate.java:126 - Bootstrapping Spring Data repositories in DEFAULT mode.
2019-04-27 22:21:29,513 [main] INFO  [o.s.d.r.config.RepositoryConfigurationDelegate] RepositoryConfigurationDelegate.java:182 - Finished Spring Data repository scanning in 30ms. Found 0 repository interfaces.
2019-04-27 22:21:30,511 [main] INFO  [o.s.c.s.PostProcessorRegistrationDelegate$BeanPostProcessorChecker] PostProcessorRegistrationDelegate.java:330 - Bean 'org.springframework.transaction.annotation.ProxyTransactionManagementConfiguration' of type [org.springframework.transaction.annotation.ProxyTransactionManagementConfiguration$$EnhancerBySpringCGLIB$$d1f5d6a4] is not eligible for getting processed by all BeanPostProcessors (for example: not eligible for auto-proxying)
2019-04-27 22:21:31,282 [main] INFO  [o.s.boot.web.embedded.tomcat.TomcatWebServer] TomcatWebServer.java:90 - Tomcat initialized with port(s): 8899 (http)
2019-04-27 22:21:31,302 [main] INFO  [org.apache.coyote.http11.Http11NioProtocol] DirectJDKLog.java:173 - Initializing ProtocolHandler ["http-nio-8899"]
2019-04-27 22:21:31,314 [main] INFO  [org.apache.catalina.core.StandardService] DirectJDKLog.java:173 - Starting service [Tomcat]
2019-04-27 22:21:31,314 [main] INFO  [org.apache.catalina.core.StandardEngine] DirectJDKLog.java:173 - Starting Servlet engine: [Apache Tomcat/9.0.16]
2019-04-27 22:21:31,325 [main] INFO  [org.apache.catalina.core.AprLifecycleListener] DirectJDKLog.java:173 - The APR based Apache Tomcat Native library which allows optimal performance in production environments was not found on the java.library.path: [/Users/wangzaijun/Library/Java/Extensions:/Library/Java/Extensions:/Network/Library/Java/Extensions:/System/Library/Java/Extensions:/usr/lib/java:.]
2019-04-27 22:21:31,441 [main] INFO  [o.a.c.core.ContainerBase.[Tomcat].[localhost].[/]] DirectJDKLog.java:173 - Initializing Spring embedded WebApplicationContext
2019-04-27 22:21:31,441 [main] INFO  [org.springframework.web.context.ContextLoader] ServletWebServerApplicationContext.java:296 - Root WebApplicationContext: initialization completed in 5538 ms
2019-04-27 22:21:32,377 [main] INFO  [com.zaxxer.hikari.HikariDataSource] HikariDataSource.java:110 - HikariPool-1 - Starting...
2019-04-27 22:21:32,571 [main] INFO  [com.zaxxer.hikari.HikariDataSource] HikariDataSource.java:123 - HikariPool-1 - Start completed.
2019-04-27 22:21:33,808 [main] INFO  [o.s.security.web.DefaultSecurityFilterChain] DefaultSecurityFilterChain.java:43 - Creating filter chain: any request, [org.springframework.security.web.context.request.async.WebAsyncManagerIntegrationFilter@5c7c75fb, org.springframework.security.web.context.SecurityContextPersistenceFilter@b56d8a7, org.springframework.security.web.header.HeaderWriterFilter@24ac6fef, org.springframework.security.web.authentication.logout.LogoutFilter@7831d1aa, com.wang.sso.core.security.filter.SecurityLoginFilter@20256a0b, org.springframework.security.web.authentication.UsernamePasswordAuthenticationFilter@df6f19b, org.springframework.security.web.authentication.ui.DefaultLoginPageGeneratingFilter@124ff64d, org.springframework.security.web.authentication.ui.DefaultLogoutPageGeneratingFilter@729d6ee2, com.wang.sso.core.security.filter.SecurityAuthorizationFilter@4adcc981, org.springframework.security.web.savedrequest.RequestCacheAwareFilter@6de5ad56, org.springframework.security.web.servletapi.SecurityContextHolderAwareRequestFilter@7e9a836, org.springframework.security.web.authentication.AnonymousAuthenticationFilter@73aae7a, org.springframework.security.web.session.SessionManagementFilter@227b9277, org.springframework.security.web.access.ExceptionTranslationFilter@55397d15, org.springframework.security.web.access.intercept.FilterSecurityInterceptor@278cb145]
2019-04-27 22:21:33,847 [main] INFO  [s.d.s.w.PropertySourcedRequestMappingHandlerMapping] PropertySourcedRequestMappingHandlerMapping.java:69 - Mapped URL path [/v2/api-docs] onto method [public org.springframework.http.ResponseEntity<springfox.documentation.spring.web.json.Json> springfox.documentation.swagger2.web.Swagger2Controller.getDocumentation(java.lang.String,javax.servlet.http.HttpServletRequest)]
2019-04-27 22:21:34,137 [main] INFO  [o.s.scheduling.concurrent.ThreadPoolTaskExecutor] ExecutorConfigurationSupport.java:171 - Initializing ExecutorService 'applicationTaskExecutor'
2019-04-27 22:21:34,733 [main] INFO  [s.d.s.web.plugins.DocumentationPluginsBootstrapper] DocumentationPluginsBootstrapper.java:151 - Context refreshed
2019-04-27 22:21:34,761 [main] INFO  [s.d.s.web.plugins.DocumentationPluginsBootstrapper] DocumentationPluginsBootstrapper.java:154 - Found 1 custom documentation plugin(s)
2019-04-27 22:21:34,892 [main] INFO  [s.d.spring.web.scanners.ApiListingReferenceScanner] ApiListingReferenceScanner.java:41 - Scanning for api listing references
2019-04-27 22:21:35,270 [main] INFO  [s.d.s.w.r.operation.CachingOperationNameGenerator] CachingOperationNameGenerator.java:40 - Generating unique operation named: deleteUsingDELETE_1
2019-04-27 22:21:35,296 [main] INFO  [s.d.s.w.r.operation.CachingOperationNameGenerator] CachingOperationNameGenerator.java:40 - Generating unique operation named: insertUsingPOST_1
2019-04-27 22:21:35,302 [main] INFO  [s.d.s.w.r.operation.CachingOperationNameGenerator] CachingOperationNameGenerator.java:40 - Generating unique operation named: updateUsingPUT_1
2019-04-27 22:21:35,322 [main] INFO  [s.d.s.w.r.operation.CachingOperationNameGenerator] CachingOperationNameGenerator.java:40 - Generating unique operation named: deleteUsingDELETE_2
2019-04-27 22:21:35,331 [main] INFO  [s.d.s.w.r.operation.CachingOperationNameGenerator] CachingOperationNameGenerator.java:40 - Generating unique operation named: findPageUsingGET_1
2019-04-27 22:21:35,341 [main] INFO  [s.d.s.w.r.operation.CachingOperationNameGenerator] CachingOperationNameGenerator.java:40 - Generating unique operation named: insertUsingPOST_2
2019-04-27 22:21:35,348 [main] INFO  [s.d.s.w.r.operation.CachingOperationNameGenerator] CachingOperationNameGenerator.java:40 - Generating unique operation named: updateUsingPUT_2
2019-04-27 22:21:35,353 [main] INFO  [s.d.s.w.r.operation.CachingOperationNameGenerator] CachingOperationNameGenerator.java:40 - Generating unique operation named: deleteUsingDELETE_3
2019-04-27 22:21:35,358 [main] INFO  [s.d.s.w.r.operation.CachingOperationNameGenerator] CachingOperationNameGenerator.java:40 - Generating unique operation named: findPageUsingGET_2
2019-04-27 22:21:35,364 [main] INFO  [s.d.s.w.r.operation.CachingOperationNameGenerator] CachingOperationNameGenerator.java:40 - Generating unique operation named: insertUsingPOST_3
2019-04-27 22:21:35,367 [main] INFO  [s.d.s.w.r.operation.CachingOperationNameGenerator] CachingOperationNameGenerator.java:40 - Generating unique operation named: updateUsingPUT_3
2019-04-27 22:21:35,394 [main] INFO  [org.apache.coyote.http11.Http11NioProtocol] DirectJDKLog.java:173 - Starting ProtocolHandler ["http-nio-8899"]
2019-04-27 22:21:35,444 [main] INFO  [o.s.boot.web.embedded.tomcat.TomcatWebServer] TomcatWebServer.java:204 - Tomcat started on port(s): 8899 (http) with context path ''
2019-04-27 22:21:35,449 [main] INFO  [com.wang.sso.ApplicationKt] StartupInfoLogger.java:59 - Started ApplicationKt in 11.373 seconds (JVM running for 12.531)
2019-04-27 22:23:48,307 [http-nio-8899-exec-1] INFO  [o.a.c.core.ContainerBase.[Tomcat].[localhost].[/]] DirectJDKLog.java:173 - Initializing Spring DispatcherServlet 'dispatcherServlet'
2019-04-27 22:23:48,308 [http-nio-8899-exec-1] INFO  [org.springframework.web.servlet.DispatcherServlet] FrameworkServlet.java:524 - Initializing Servlet 'dispatcherServlet'
2019-04-27 22:23:48,335 [http-nio-8899-exec-1] INFO  [org.springframework.web.servlet.DispatcherServlet] FrameworkServlet.java:546 - Completed initialization in 25 ms
2019-04-27 22:23:49,091 [http-nio-8899-exec-2] INFO  [io.lettuce.core.EpollProvider] EpollProvider.java:68 - Starting without optional epoll library
2019-04-27 22:23:49,095 [http-nio-8899-exec-2] INFO  [io.lettuce.core.KqueueProvider] KqueueProvider.java:70 - Starting without optional kqueue library
2019-04-27 22:25:14,030 [http-nio-8899-exec-6] DEBUG [com.wang.sso.modules.sys.dao.IUserDao.selectPage] BaseJdbcLogger.java:143 - ==>  Preparing: SELECT COUNT(1) FROM sys_user WHERE status = '0' 
2019-04-27 22:25:14,061 [http-nio-8899-exec-6] DEBUG [com.wang.sso.modules.sys.dao.IUserDao.selectPage] BaseJdbcLogger.java:143 - ==> Parameters: 
2019-04-27 22:25:14,101 [http-nio-8899-exec-6] DEBUG [com.wang.sso.modules.sys.dao.IUserDao.selectPage] BaseJdbcLogger.java:143 - ==>  Preparing: SELECT id,account,password,name,sort,email,gender,birthday,create_by,create_at,update_by,update_at,status,remarks FROM sys_user WHERE status='0' ORDER BY sort ASC , create_at DESC LIMIT ?,? 
2019-04-27 22:25:14,103 [http-nio-8899-exec-6] DEBUG [com.wang.sso.modules.sys.dao.IUserDao.selectPage] BaseJdbcLogger.java:143 - ==> Parameters: 0(Long), 10(Long)
2019-04-27 22:25:14,119 [http-nio-8899-exec-6] DEBUG [com.wang.sso.modules.sys.dao.IUserDao.selectPage] BaseJdbcLogger.java:143 - <==      Total: 2
2019-04-27 22:25:22,624 [Thread-25] INFO  [o.s.scheduling.concurrent.ThreadPoolTaskExecutor] ExecutorConfigurationSupport.java:208 - Shutting down ExecutorService 'applicationTaskExecutor'
2019-04-27 22:25:22,629 [Thread-25] INFO  [com.zaxxer.hikari.HikariDataSource] HikariDataSource.java:350 - HikariPool-1 - Shutdown initiated...
2019-04-27 22:25:22,644 [Thread-25] INFO  [com.zaxxer.hikari.HikariDataSource] HikariDataSource.java:352 - HikariPool-1 - Shutdown completed.
2019-04-27 22:25:27,592 [main] INFO  [com.wang.sso.ApplicationKt] StartupInfoLogger.java:50 - Starting ApplicationKt on wangzaijundeMacBook-Air.local with PID 55177 (/Users/wangzaijun/Documents/idea_work/sso/target/classes started by wangzaijun in /Users/wangzaijun/Documents/idea_work/sso)
2019-04-27 22:25:27,600 [main] INFO  [com.wang.sso.ApplicationKt] SpringApplication.java:675 - No active profile set, falling back to default profiles: default
2019-04-27 22:25:31,010 [main] WARN  [org.mybatis.spring.mapper.ClassPathMapperScanner] Logger.java:44 - No MyBatis mapper was found in '[com.wang.sso]' package. Please check your configuration.
2019-04-27 22:25:31,103 [main] INFO  [o.s.d.r.config.RepositoryConfigurationDelegate] RepositoryConfigurationDelegate.java:244 - Multiple Spring Data modules found, entering strict repository configuration mode!
2019-04-27 22:25:31,109 [main] INFO  [o.s.d.r.config.RepositoryConfigurationDelegate] RepositoryConfigurationDelegate.java:126 - Bootstrapping Spring Data repositories in DEFAULT mode.
2019-04-27 22:25:31,170 [main] INFO  [o.s.d.r.config.RepositoryConfigurationDelegate] RepositoryConfigurationDelegate.java:182 - Finished Spring Data repository scanning in 37ms. Found 0 repository interfaces.
2019-04-27 22:25:32,087 [main] INFO  [o.s.c.s.PostProcessorRegistrationDelegate$BeanPostProcessorChecker] PostProcessorRegistrationDelegate.java:330 - Bean 'org.springframework.transaction.annotation.ProxyTransactionManagementConfiguration' of type [org.springframework.transaction.annotation.ProxyTransactionManagementConfiguration$$EnhancerBySpringCGLIB$$9c208e83] is not eligible for getting processed by all BeanPostProcessors (for example: not eligible for auto-proxying)
2019-04-27 22:25:32,811 [main] INFO  [o.s.boot.web.embedded.tomcat.TomcatWebServer] TomcatWebServer.java:90 - Tomcat initialized with port(s): 8899 (http)
2019-04-27 22:25:32,833 [main] INFO  [org.apache.coyote.http11.Http11NioProtocol] DirectJDKLog.java:173 - Initializing ProtocolHandler ["http-nio-8899"]
2019-04-27 22:25:32,849 [main] INFO  [org.apache.catalina.core.StandardService] DirectJDKLog.java:173 - Starting service [Tomcat]
2019-04-27 22:25:32,850 [main] INFO  [org.apache.catalina.core.StandardEngine] DirectJDKLog.java:173 - Starting Servlet engine: [Apache Tomcat/9.0.16]
2019-04-27 22:25:32,861 [main] INFO  [org.apache.catalina.core.AprLifecycleListener] DirectJDKLog.java:173 - The APR based Apache Tomcat Native library which allows optimal performance in production environments was not found on the java.library.path: [/Users/wangzaijun/Library/Java/Extensions:/Library/Java/Extensions:/Network/Library/Java/Extensions:/System/Library/Java/Extensions:/usr/lib/java:.]
2019-04-27 22:25:33,015 [main] INFO  [o.a.c.core.ContainerBase.[Tomcat].[localhost].[/]] DirectJDKLog.java:173 - Initializing Spring embedded WebApplicationContext
2019-04-27 22:25:33,016 [main] INFO  [org.springframework.web.context.ContextLoader] ServletWebServerApplicationContext.java:296 - Root WebApplicationContext: initialization completed in 5230 ms
2019-04-27 22:25:34,034 [main] INFO  [com.zaxxer.hikari.HikariDataSource] HikariDataSource.java:110 - HikariPool-1 - Starting...
2019-04-27 22:25:34,256 [main] INFO  [com.zaxxer.hikari.HikariDataSource] HikariDataSource.java:123 - HikariPool-1 - Start completed.
2019-04-27 22:25:35,728 [main] INFO  [o.s.security.web.DefaultSecurityFilterChain] DefaultSecurityFilterChain.java:43 - Creating filter chain: any request, [org.springframework.security.web.context.request.async.WebAsyncManagerIntegrationFilter@74a1d60e, org.springframework.security.web.context.SecurityContextPersistenceFilter@3a12f3e7, org.springframework.security.web.header.HeaderWriterFilter@15f11bfb, org.springframework.security.web.authentication.logout.LogoutFilter@44e79e9e, com.wang.sso.core.security.filter.SecurityLoginFilter@267ff4df, org.springframework.security.web.authentication.UsernamePasswordAuthenticationFilter@dd060be, org.springframework.security.web.authentication.ui.DefaultLoginPageGeneratingFilter@3428420d, org.springframework.security.web.authentication.ui.DefaultLogoutPageGeneratingFilter@16c0be3b, com.wang.sso.core.security.filter.SecurityAuthorizationFilter@219edc05, org.springframework.security.web.savedrequest.RequestCacheAwareFilter@70700b8a, org.springframework.security.web.servletapi.SecurityContextHolderAwareRequestFilter@539dd2d0, org.springframework.security.web.authentication.AnonymousAuthenticationFilter@62f37bfd, org.springframework.security.web.session.SessionManagementFilter@2bf4fa1, org.springframework.security.web.access.ExceptionTranslationFilter@3514237f, org.springframework.security.web.access.intercept.FilterSecurityInterceptor@1f293cb7]
2019-04-27 22:25:35,764 [main] INFO  [s.d.s.w.PropertySourcedRequestMappingHandlerMapping] PropertySourcedRequestMappingHandlerMapping.java:69 - Mapped URL path [/v2/api-docs] onto method [public org.springframework.http.ResponseEntity<springfox.documentation.spring.web.json.Json> springfox.documentation.swagger2.web.Swagger2Controller.getDocumentation(java.lang.String,javax.servlet.http.HttpServletRequest)]
2019-04-27 22:25:36,054 [main] INFO  [o.s.scheduling.concurrent.ThreadPoolTaskExecutor] ExecutorConfigurationSupport.java:171 - Initializing ExecutorService 'applicationTaskExecutor'
2019-04-27 22:25:36,776 [main] INFO  [s.d.s.web.plugins.DocumentationPluginsBootstrapper] DocumentationPluginsBootstrapper.java:151 - Context refreshed
2019-04-27 22:25:36,804 [main] INFO  [s.d.s.web.plugins.DocumentationPluginsBootstrapper] DocumentationPluginsBootstrapper.java:154 - Found 1 custom documentation plugin(s)
2019-04-27 22:25:36,937 [main] INFO  [s.d.spring.web.scanners.ApiListingReferenceScanner] ApiListingReferenceScanner.java:41 - Scanning for api listing references
2019-04-27 22:25:37,273 [main] INFO  [s.d.s.w.r.operation.CachingOperationNameGenerator] CachingOperationNameGenerator.java:40 - Generating unique operation named: deleteUsingDELETE_1
2019-04-27 22:25:37,300 [main] INFO  [s.d.s.w.r.operation.CachingOperationNameGenerator] CachingOperationNameGenerator.java:40 - Generating unique operation named: insertUsingPOST_1
2019-04-27 22:25:37,306 [main] INFO  [s.d.s.w.r.operation.CachingOperationNameGenerator] CachingOperationNameGenerator.java:40 - Generating unique operation named: updateUsingPUT_1
2019-04-27 22:25:37,327 [main] INFO  [s.d.s.w.r.operation.CachingOperationNameGenerator] CachingOperationNameGenerator.java:40 - Generating unique operation named: deleteUsingDELETE_2
2019-04-27 22:25:37,335 [main] INFO  [s.d.s.w.r.operation.CachingOperationNameGenerator] CachingOperationNameGenerator.java:40 - Generating unique operation named: findPageUsingGET_1
2019-04-27 22:25:37,347 [main] INFO  [s.d.s.w.r.operation.CachingOperationNameGenerator] CachingOperationNameGenerator.java:40 - Generating unique operation named: insertUsingPOST_2
2019-04-27 22:25:37,353 [main] INFO  [s.d.s.w.r.operation.CachingOperationNameGenerator] CachingOperationNameGenerator.java:40 - Generating unique operation named: updateUsingPUT_2
2019-04-27 22:25:37,357 [main] INFO  [s.d.s.w.r.operation.CachingOperationNameGenerator] CachingOperationNameGenerator.java:40 - Generating unique operation named: deleteUsingDELETE_3
2019-04-27 22:25:37,363 [main] INFO  [s.d.s.w.r.operation.CachingOperationNameGenerator] CachingOperationNameGenerator.java:40 - Generating unique operation named: findPageUsingGET_2
2019-04-27 22:25:37,367 [main] INFO  [s.d.s.w.r.operation.CachingOperationNameGenerator] CachingOperationNameGenerator.java:40 - Generating unique operation named: insertUsingPOST_3
2019-04-27 22:25:37,370 [main] INFO  [s.d.s.w.r.operation.CachingOperationNameGenerator] CachingOperationNameGenerator.java:40 - Generating unique operation named: updateUsingPUT_3
2019-04-27 22:25:37,400 [main] INFO  [org.apache.coyote.http11.Http11NioProtocol] DirectJDKLog.java:173 - Starting ProtocolHandler ["http-nio-8899"]
2019-04-27 22:25:37,452 [main] INFO  [o.s.boot.web.embedded.tomcat.TomcatWebServer] TomcatWebServer.java:204 - Tomcat started on port(s): 8899 (http) with context path ''
2019-04-27 22:25:37,458 [main] INFO  [com.wang.sso.ApplicationKt] StartupInfoLogger.java:59 - Started ApplicationKt in 11.013 seconds (JVM running for 12.137)
2019-04-27 22:26:11,333 [Thread-25] INFO  [o.s.scheduling.concurrent.ThreadPoolTaskExecutor] ExecutorConfigurationSupport.java:208 - Shutting down ExecutorService 'applicationTaskExecutor'
2019-04-27 22:26:11,341 [Thread-25] INFO  [com.zaxxer.hikari.HikariDataSource] HikariDataSource.java:350 - HikariPool-1 - Shutdown initiated...
2019-04-27 22:26:11,354 [Thread-25] INFO  [com.zaxxer.hikari.HikariDataSource] HikariDataSource.java:352 - HikariPool-1 - Shutdown completed.
