2019-04-27 22:37:01,759 [main] INFO  [com.wang.sso.ApplicationKt] StartupInfoLogger.java:50 - Starting ApplicationKt on wangzaijundeMacBook-Air.local with PID 55608 (/Users/wangzaijun/Documents/idea_work/sso/target/classes started by wangzaijun in /Users/wangzaijun/Documents/idea_work/sso)
2019-04-27 22:37:01,767 [main] INFO  [com.wang.sso.ApplicationKt] SpringApplication.java:675 - No active profile set, falling back to default profiles: default
2019-04-27 22:37:05,018 [main] WARN  [org.mybatis.spring.mapper.ClassPathMapperScanner] Logger.java:44 - No MyBatis mapper was found in '[com.wang.sso]' package. Please check your configuration.
2019-04-27 22:37:05,091 [main] INFO  [o.s.d.r.config.RepositoryConfigurationDelegate] RepositoryConfigurationDelegate.java:244 - Multiple Spring Data modules found, entering strict repository configuration mode!
2019-04-27 22:37:05,095 [main] INFO  [o.s.d.r.config.RepositoryConfigurationDelegate] RepositoryConfigurationDelegate.java:126 - Bootstrapping Spring Data repositories in DEFAULT mode.
2019-04-27 22:37:05,144 [main] INFO  [o.s.d.r.config.RepositoryConfigurationDelegate] RepositoryConfigurationDelegate.java:182 - Finished Spring Data repository scanning in 28ms. Found 0 repository interfaces.
2019-04-27 22:37:05,991 [main] INFO  [o.s.c.s.PostProcessorRegistrationDelegate$BeanPostProcessorChecker] PostProcessorRegistrationDelegate.java:330 - Bean 'org.springframework.transaction.annotation.ProxyTransactionManagementConfiguration' of type [org.springframework.transaction.annotation.ProxyTransactionManagementConfiguration$$EnhancerBySpringCGLIB$$7b529db2] is not eligible for getting processed by all BeanPostProcessors (for example: not eligible for auto-proxying)
2019-04-27 22:37:06,736 [main] INFO  [o.s.boot.web.embedded.tomcat.TomcatWebServer] TomcatWebServer.java:90 - Tomcat initialized with port(s): 8899 (http)
2019-04-27 22:37:06,756 [main] INFO  [org.apache.coyote.http11.Http11NioProtocol] DirectJDKLog.java:173 - Initializing ProtocolHandler ["http-nio-8899"]
2019-04-27 22:37:06,770 [main] INFO  [org.apache.catalina.core.StandardService] DirectJDKLog.java:173 - Starting service [Tomcat]
2019-04-27 22:37:06,771 [main] INFO  [org.apache.catalina.core.StandardEngine] DirectJDKLog.java:173 - Starting Servlet engine: [Apache Tomcat/9.0.16]
2019-04-27 22:37:06,781 [main] INFO  [org.apache.catalina.core.AprLifecycleListener] DirectJDKLog.java:173 - The APR based Apache Tomcat Native library which allows optimal performance in production environments was not found on the java.library.path: [/Users/wangzaijun/Library/Java/Extensions:/Library/Java/Extensions:/Network/Library/Java/Extensions:/System/Library/Java/Extensions:/usr/lib/java:.]
2019-04-27 22:37:06,908 [main] INFO  [o.a.c.core.ContainerBase.[Tomcat].[localhost].[/]] DirectJDKLog.java:173 - Initializing Spring embedded WebApplicationContext
2019-04-27 22:37:06,909 [main] INFO  [org.springframework.web.context.ContextLoader] ServletWebServerApplicationContext.java:296 - Root WebApplicationContext: initialization completed in 4918 ms
2019-04-27 22:37:07,810 [main] INFO  [com.zaxxer.hikari.HikariDataSource] HikariDataSource.java:110 - HikariPool-1 - Starting...
2019-04-27 22:37:08,127 [main] INFO  [com.zaxxer.hikari.HikariDataSource] HikariDataSource.java:123 - HikariPool-1 - Start completed.
2019-04-27 22:37:09,376 [main] INFO  [o.s.security.web.DefaultSecurityFilterChain] DefaultSecurityFilterChain.java:43 - Creating filter chain: any request, [org.springframework.security.web.context.request.async.WebAsyncManagerIntegrationFilter@460b77d6, org.springframework.security.web.context.SecurityContextPersistenceFilter@5abb7a8f, org.springframework.security.web.header.HeaderWriterFilter@6aadb092, org.springframework.security.web.authentication.logout.LogoutFilter@65a80fdb, com.wang.sso.core.security.filter.SecurityLoginFilter@54247647, org.springframework.security.web.authentication.UsernamePasswordAuthenticationFilter@2a4cb8ae, org.springframework.security.web.authentication.ui.DefaultLoginPageGeneratingFilter@60c4cf2b, org.springframework.security.web.authentication.ui.DefaultLogoutPageGeneratingFilter@6cb662e8, com.wang.sso.core.security.filter.SecurityAuthorizationFilter@13f2d42c, org.springframework.security.web.savedrequest.RequestCacheAwareFilter@5621a671, org.springframework.security.web.servletapi.SecurityContextHolderAwareRequestFilter@5c0272e0, org.springframework.security.web.authentication.AnonymousAuthenticationFilter@1071ae7c, org.springframework.security.web.session.SessionManagementFilter@4caf875c, org.springframework.security.web.access.ExceptionTranslationFilter@17189618, org.springframework.security.web.access.intercept.FilterSecurityInterceptor@29ccab93]
2019-04-27 22:37:09,408 [main] INFO  [s.d.s.w.PropertySourcedRequestMappingHandlerMapping] PropertySourcedRequestMappingHandlerMapping.java:69 - Mapped URL path [/v2/api-docs] onto method [public org.springframework.http.ResponseEntity<springfox.documentation.spring.web.json.Json> springfox.documentation.swagger2.web.Swagger2Controller.getDocumentation(java.lang.String,javax.servlet.http.HttpServletRequest)]
2019-04-27 22:37:09,678 [main] INFO  [o.s.scheduling.concurrent.ThreadPoolTaskExecutor] ExecutorConfigurationSupport.java:171 - Initializing ExecutorService 'applicationTaskExecutor'
2019-04-27 22:37:10,350 [main] INFO  [s.d.s.web.plugins.DocumentationPluginsBootstrapper] DocumentationPluginsBootstrapper.java:151 - Context refreshed
2019-04-27 22:37:10,375 [main] INFO  [s.d.s.web.plugins.DocumentationPluginsBootstrapper] DocumentationPluginsBootstrapper.java:154 - Found 1 custom documentation plugin(s)
2019-04-27 22:37:10,490 [main] INFO  [s.d.spring.web.scanners.ApiListingReferenceScanner] ApiListingReferenceScanner.java:41 - Scanning for api listing references
2019-04-27 22:37:10,821 [main] INFO  [s.d.s.w.r.operation.CachingOperationNameGenerator] CachingOperationNameGenerator.java:40 - Generating unique operation named: deleteUsingDELETE_1
2019-04-27 22:37:10,851 [main] INFO  [s.d.s.w.r.operation.CachingOperationNameGenerator] CachingOperationNameGenerator.java:40 - Generating unique operation named: insertUsingPOST_1
2019-04-27 22:37:10,859 [main] INFO  [s.d.s.w.r.operation.CachingOperationNameGenerator] CachingOperationNameGenerator.java:40 - Generating unique operation named: updateUsingPUT_1
2019-04-27 22:37:10,883 [main] INFO  [s.d.s.w.r.operation.CachingOperationNameGenerator] CachingOperationNameGenerator.java:40 - Generating unique operation named: deleteUsingDELETE_2
2019-04-27 22:37:10,893 [main] INFO  [s.d.s.w.r.operation.CachingOperationNameGenerator] CachingOperationNameGenerator.java:40 - Generating unique operation named: findPageUsingGET_1
2019-04-27 22:37:10,907 [main] INFO  [s.d.s.w.r.operation.CachingOperationNameGenerator] CachingOperationNameGenerator.java:40 - Generating unique operation named: insertUsingPOST_2
2019-04-27 22:37:10,913 [main] INFO  [s.d.s.w.r.operation.CachingOperationNameGenerator] CachingOperationNameGenerator.java:40 - Generating unique operation named: updateUsingPUT_2
2019-04-27 22:37:10,920 [main] INFO  [s.d.s.w.r.operation.CachingOperationNameGenerator] CachingOperationNameGenerator.java:40 - Generating unique operation named: deleteUsingDELETE_3
2019-04-27 22:37:10,925 [main] INFO  [s.d.s.w.r.operation.CachingOperationNameGenerator] CachingOperationNameGenerator.java:40 - Generating unique operation named: findPageUsingGET_2
2019-04-27 22:37:10,931 [main] INFO  [s.d.s.w.r.operation.CachingOperationNameGenerator] CachingOperationNameGenerator.java:40 - Generating unique operation named: insertUsingPOST_3
2019-04-27 22:37:10,937 [main] INFO  [s.d.s.w.r.operation.CachingOperationNameGenerator] CachingOperationNameGenerator.java:40 - Generating unique operation named: updateUsingPUT_3
2019-04-27 22:37:10,970 [main] INFO  [org.apache.coyote.http11.Http11NioProtocol] DirectJDKLog.java:173 - Starting ProtocolHandler ["http-nio-8899"]
2019-04-27 22:37:11,031 [main] INFO  [o.s.boot.web.embedded.tomcat.TomcatWebServer] TomcatWebServer.java:204 - Tomcat started on port(s): 8899 (http) with context path ''
2019-04-27 22:37:11,041 [main] INFO  [com.wang.sso.ApplicationKt] StartupInfoLogger.java:59 - Started ApplicationKt in 10.617 seconds (JVM running for 11.727)
2019-04-27 22:38:15,189 [Thread-23] INFO  [o.s.scheduling.concurrent.ThreadPoolTaskExecutor] ExecutorConfigurationSupport.java:208 - Shutting down ExecutorService 'applicationTaskExecutor'
2019-04-27 22:38:15,193 [Thread-23] INFO  [com.zaxxer.hikari.HikariDataSource] HikariDataSource.java:350 - HikariPool-1 - Shutdown initiated...
2019-04-27 22:38:15,204 [Thread-23] INFO  [com.zaxxer.hikari.HikariDataSource] HikariDataSource.java:352 - HikariPool-1 - Shutdown completed.
